[2025-01-14T09:26:23.030Z][FAILED QUERY]: ALTER TABLE "users" ALTER COLUMN "role" TYPE "public"."users_role_enum" USING "role"::"text"::"public"."users_role_enum"
[2025-01-14T09:26:23.030Z][QUERY ERROR]: error: invalid input value for enum users_role_enum: "user"
[2025-01-15T08:12:10.727Z][FAILED QUERY]: INSERT INTO "users"("id", "is_active", "role", "email", "password", "username", "profile_picture", "cover_picture", "bio", "is_verified", "verification_token", "verification_token_time", "name", "first_name", "middle_name", "last_name", "country_code", "phone", "designation", "department", "dob", "gender", "doj", "address", "pincode", "city", "state", "country", "emergency_contact", "fcm_token", "created_at", "updated_at", "assign_to") VALUES (DEFAULT, $1, DEFAULT, $2, $3, $4, DEFAULT, DEFAULT, DEFAULT, $5, DEFAULT, DEFAULT, DEFAULT, DEFAULT, DEFAULT, DEFAULT, DEFAULT, DEFAULT, DEFAULT, DEFAULT, DEFAULT, DEFAULT, DEFAULT, DEFAULT, DEFAULT, DEFAULT, DEFAULT, DEFAULT, DEFAULT, DEFAULT, DEFAULT, DEFAULT, DEFAULT) RETURNING "id", "is_active", "role", "is_verified", "country_code", "country", "created_at", "updated_at" -- PARAMETERS: [true,"deepjyoti120281@gmail.com","$2b$10$7Nsdwik2xl/bHASOrcOQB.mtCGovQ5LDegR0PqVcEojmmnsOFiuMq","Super86868_hfhf",false]
[2025-01-15T08:12:10.727Z][QUERY ERROR]: error: duplicate key value violates unique constraint "UQ_fe0bb3f6520ee0469504521e710"
[2025-01-15T08:44:57.475Z][FAILED QUERY]: ALTER TABLE "users" ALTER COLUMN "gender" TYPE "public"."users_gender_enum" USING "gender"::"text"::"public"."users_gender_enum"
[2025-01-15T08:44:57.476Z][QUERY ERROR]: error: invalid input value for enum users_gender_enum: "employee"
[2025-01-15T08:45:07.544Z][FAILED QUERY]: ALTER TABLE "users" ALTER COLUMN "gender" TYPE "public"."users_gender_enum" USING "gender"::"text"::"public"."users_gender_enum"
[2025-01-15T08:45:07.544Z][QUERY ERROR]: error: invalid input value for enum users_gender_enum: "employee"
[2025-01-15T08:45:14.950Z][FAILED QUERY]: ALTER TABLE "users" ALTER COLUMN "gender" TYPE "public"."users_gender_enum" USING "gender"::"text"::"public"."users_gender_enum"
[2025-01-15T08:45:14.951Z][QUERY ERROR]: error: invalid input value for enum users_gender_enum: "employee"
[2025-01-15T08:45:16.224Z][FAILED QUERY]: ALTER TABLE "users" ALTER COLUMN "gender" TYPE "public"."users_gender_enum" USING "gender"::"text"::"public"."users_gender_enum"
[2025-01-15T08:45:16.224Z][QUERY ERROR]: error: invalid input value for enum users_gender_enum: "employee"
[2025-01-15T08:45:19.409Z][FAILED QUERY]: ALTER TABLE "users" ALTER COLUMN "gender" TYPE "public"."users_gender_enum" USING "gender"::"text"::"public"."users_gender_enum"
[2025-01-15T08:45:19.409Z][QUERY ERROR]: error: invalid input value for enum users_gender_enum: "employee"
[2025-01-26T12:45:31.488Z][FAILED QUERY]: INSERT INTO "features"("id", "is_active", "name", "created_at", "updated_at", "module_id") VALUES (DEFAULT, DEFAULT, $1, DEFAULT, DEFAULT, $2) RETURNING "id", "is_active", "created_at", "updated_at" -- PARAMETERS: ["search","6b8ee432-ea09-4f10-9122-90e1812466c3"]
[2025-01-26T12:45:31.490Z][QUERY ERROR]: error: duplicate key value violates unique constraint "UQ_bcc3a344ae156a9fba128e1cb4d"
[2025-01-26T12:45:57.885Z][FAILED QUERY]: INSERT INTO "features"("id", "is_active", "name", "created_at", "updated_at", "module_id") VALUES (DEFAULT, DEFAULT, $1, DEFAULT, DEFAULT, $2) RETURNING "id", "is_active", "created_at", "updated_at" -- PARAMETERS: ["search","0b43b337-280f-4f2f-9179-2344c6544d9c"]
[2025-01-26T12:45:57.885Z][QUERY ERROR]: error: duplicate key value violates unique constraint "UQ_bcc3a344ae156a9fba128e1cb4d"
[2025-01-26T12:47:27.298Z][FAILED QUERY]: INSERT INTO "features"("id", "is_active", "name", "created_at", "updated_at", "module_id") VALUES (DEFAULT, DEFAULT, $1, DEFAULT, DEFAULT, $2) RETURNING "id", "is_active", "created_at", "updated_at" -- PARAMETERS: ["search","cc71aa3b-b0de-4c7a-9552-6b852d8c915f"]
[2025-01-26T12:47:27.298Z][QUERY ERROR]: error: duplicate key value violates unique constraint "UQ_bcc3a344ae156a9fba128e1cb4d"
[2025-01-26T12:47:49.664Z][FAILED QUERY]: INSERT INTO "features"("id", "is_active", "name", "created_at", "updated_at", "module_id") VALUES (DEFAULT, DEFAULT, $1, DEFAULT, DEFAULT, $2) RETURNING "id", "is_active", "created_at", "updated_at" -- PARAMETERS: ["search","f2cbd822-1bf9-42d4-9b2f-3b13f4945bc1"]
[2025-01-26T12:47:49.664Z][QUERY ERROR]: error: duplicate key value violates unique constraint "UQ_bcc3a344ae156a9fba128e1cb4d"
[2025-01-30T15:02:02.689Z][FAILED QUERY]: INSERT INTO "users"("id", "is_active", "role", "email", "password", "username", "profile_picture", "cover_picture", "bio", "is_verified", "verification_token", "verification_token_time", "name", "first_name", "middle_name", "last_name", "country_code", "phone", "dob", "gender", "doj", "address", "pincode", "city", "state", "country", "emergency_contact", "fcm_token", "created_at", "updated_at", "assign_to", "department_id", "designation_id") VALUES (DEFAULT, $1, DEFAULT, $2, $3, $4, DEFAULT, DEFAULT, DEFAULT, $5, DEFAULT, DEFAULT, DEFAULT, DEFAULT, DEFAULT, DEFAULT, DEFAULT, DEFAULT, DEFAULT, DEFAULT, DEFAULT, DEFAULT, DEFAULT, DEFAULT, DEFAULT, DEFAULT, DEFAULT, DEFAULT, DEFAULT, DEFAULT, DEFAULT, DEFAULT, DEFAULT) RETURNING "id", "is_active", "role", "is_verified", "country_code", "gender", "country", "created_at", "updated_at" -- PARAMETERS: [true,"deepjyoti1202381@gmail.com","$2b$10$0O1sOGQHhTW3t/Q0fgKazOmgTUptR04/yaUW4kYa7Ets97vsyb0F.","Super86868_hfhf",false]
[2025-01-30T15:02:02.689Z][QUERY ERROR]: error: duplicate key value violates unique constraint "UQ_fe0bb3f6520ee0469504521e710"
[2025-01-30T17:23:01.876Z][FAILED QUERY]: ALTER TABLE "users" ADD "username" bigint NOT NULL DEFAULT nextval('username_seq')
[2025-01-30T17:23:01.881Z][QUERY ERROR]: error: relation "username_seq" does not exist
[2025-01-30T17:27:23.818Z][FAILED QUERY]: ALTER TABLE "users" ADD "username" bigint NOT NULL DEFAULT nextval('username_seq')
[2025-01-30T17:27:23.819Z][QUERY ERROR]: error: relation "username_seq" does not exist
[2025-01-30T17:36:06.511Z][FAILED QUERY]: ALTER TABLE "users" ADD "username" bigint NOT NULL DEFAULT nextval('username_seq')
[2025-01-30T17:36:06.511Z][QUERY ERROR]: error: relation "username_seq" does not exist
[2025-01-30T17:36:29.825Z][FAILED QUERY]: ALTER TABLE "users" ADD "username" bigint NOT NULL DEFAULT nextval('username_seq')
[2025-01-30T17:36:29.825Z][QUERY ERROR]: error: relation "username_seq" does not exist
[2025-01-30T17:52:59.983Z][FAILED QUERY]: ALTER TABLE "users" ADD "username" bigint NOT NULL DEFAULT nextval('username_seq')
[2025-01-30T17:52:59.983Z][QUERY ERROR]: error: relation "username_seq" does not exist
[2025-02-08T16:15:47.339Z][FAILED QUERY]: INSERT INTO "users"("id", "is_active", "role", "email", "password", "username", "profile_picture", "cover_picture", "bio", "is_verified", "verification_token", "verification_token_time", "name", "first_name", "middle_name", "last_name", "country_code", "phone", "dob", "gender", "doj", "address", "pincode", "city", "emergency_contact", "fcm_token", "created_at", "updated_at", "assign_to", "department_id", "designation_id", "country_id", "state_id") VALUES ($1, DEFAULT, DEFAULT, DEFAULT, DEFAULT, DEFAULT, $2, DEFAULT, DEFAULT, DEFAULT, DEFAULT, DEFAULT, DEFAULT, DEFAULT, DEFAULT, DEFAULT, DEFAULT, DEFAULT, DEFAULT, DEFAULT, DEFAULT, DEFAULT, DEFAULT, DEFAULT, DEFAULT, DEFAULT, DEFAULT, DEFAULT, DEFAULT, DEFAULT, DEFAULT, DEFAULT, DEFAULT) RETURNING "id", "is_active", "role", "is_verified", "country_code", "gender", "created_at", "updated_at" -- PARAMETERS: ["f746f4fe-172f-40a4-a6cf-ba0323d1425d","uploads/profile_photos/1739031347317-logo.png"]
[2025-02-08T16:15:47.339Z][QUERY ERROR]: error: null value in column "email" of relation "users" violates not-null constraint
[2025-02-08T16:17:35.941Z][FAILED QUERY]: INSERT INTO "users"("id", "is_active", "role", "email", "password", "username", "profile_picture", "cover_picture", "bio", "is_verified", "verification_token", "verification_token_time", "name", "first_name", "middle_name", "last_name", "country_code", "phone", "dob", "gender", "doj", "address", "pincode", "city", "emergency_contact", "fcm_token", "created_at", "updated_at", "assign_to", "department_id", "designation_id", "country_id", "state_id") VALUES ($1, DEFAULT, DEFAULT, DEFAULT, DEFAULT, DEFAULT, $2, DEFAULT, DEFAULT, DEFAULT, DEFAULT, DEFAULT, DEFAULT, DEFAULT, DEFAULT, DEFAULT, DEFAULT, DEFAULT, DEFAULT, DEFAULT, DEFAULT, DEFAULT, DEFAULT, DEFAULT, DEFAULT, DEFAULT, DEFAULT, DEFAULT, DEFAULT, DEFAULT, DEFAULT, DEFAULT, DEFAULT) RETURNING "id", "is_active", "role", "is_verified", "country_code", "gender", "created_at", "updated_at" -- PARAMETERS: ["f746f4fe-172f-40a4-a6cf-ba0323d1425d","uploads/profile_photos/1739031455911-logo.png"]
[2025-02-08T16:17:35.942Z][QUERY ERROR]: error: null value in column "email" of relation "users" violates not-null constraint
[2025-02-19T14:22:24.601Z][FAILED QUERY]: INSERT INTO "users"("id", "is_active", "role", "email", "password", "device_name", "username", "profile_picture", "cover_picture", "bio", "is_verified", "verification_token", "verification_token_time", "name", "first_name", "middle_name", "last_name", "country_code", "phone", "dob", "gender", "doj", "address", "pincode", "city", "emergency_contact", "fcm_token", "created_at", "updated_at", "otp", "assign_to", "department_id", "designation_id", "country_id", "state_id") VALUES (DEFAULT, DEFAULT, DEFAULT, DEFAULT, DEFAULT, DEFAULT, DEFAULT, DEFAULT, DEFAULT, DEFAULT, DEFAULT, DEFAULT, DEFAULT, DEFAULT, DEFAULT, DEFAULT, DEFAULT, DEFAULT, $1, DEFAULT, DEFAULT, DEFAULT, DEFAULT, DEFAULT, DEFAULT, DEFAULT, DEFAULT, DEFAULT, DEFAULT, $2, DEFAULT, DEFAULT, DEFAULT, DEFAULT, DEFAULT) RETURNING "id", "is_active", "role", "is_verified", "country_code", "gender", "created_at", "updated_at" -- PARAMETERS: ["8811890749",797975]
[2025-02-19T14:22:24.601Z][QUERY ERROR]: error: null value in column "email" of relation "users" violates not-null constraint
[2025-02-19T14:23:03.576Z][FAILED QUERY]: INSERT INTO "users"("id", "is_active", "role", "email", "password", "device_name", "username", "profile_picture", "cover_picture", "bio", "is_verified", "verification_token", "verification_token_time", "name", "first_name", "middle_name", "last_name", "country_code", "phone", "dob", "gender", "doj", "address", "pincode", "city", "emergency_contact", "fcm_token", "created_at", "updated_at", "otp", "assign_to", "department_id", "designation_id", "country_id", "state_id") VALUES (DEFAULT, DEFAULT, DEFAULT, DEFAULT, DEFAULT, DEFAULT, DEFAULT, DEFAULT, DEFAULT, DEFAULT, DEFAULT, DEFAULT, DEFAULT, DEFAULT, DEFAULT, DEFAULT, DEFAULT, DEFAULT, $1, DEFAULT, DEFAULT, DEFAULT, DEFAULT, DEFAULT, DEFAULT, DEFAULT, DEFAULT, DEFAULT, DEFAULT, $2, DEFAULT, DEFAULT, DEFAULT, DEFAULT, DEFAULT) RETURNING "id", "is_active", "role", "is_verified", "country_code", "gender", "created_at", "updated_at" -- PARAMETERS: ["8811890749",954553]
[2025-02-19T14:23:03.576Z][QUERY ERROR]: error: null value in column "username" of relation "users" violates not-null constraint
[2025-02-19T14:23:05.721Z][FAILED QUERY]: INSERT INTO "users"("id", "is_active", "role", "email", "password", "device_name", "username", "profile_picture", "cover_picture", "bio", "is_verified", "verification_token", "verification_token_time", "name", "first_name", "middle_name", "last_name", "country_code", "phone", "dob", "gender", "doj", "address", "pincode", "city", "emergency_contact", "fcm_token", "created_at", "updated_at", "otp", "assign_to", "department_id", "designation_id", "country_id", "state_id") VALUES (DEFAULT, DEFAULT, DEFAULT, DEFAULT, DEFAULT, DEFAULT, DEFAULT, DEFAULT, DEFAULT, DEFAULT, DEFAULT, DEFAULT, DEFAULT, DEFAULT, DEFAULT, DEFAULT, DEFAULT, DEFAULT, $1, DEFAULT, DEFAULT, DEFAULT, DEFAULT, DEFAULT, DEFAULT, DEFAULT, DEFAULT, DEFAULT, DEFAULT, $2, DEFAULT, DEFAULT, DEFAULT, DEFAULT, DEFAULT) RETURNING "id", "is_active", "role", "is_verified", "country_code", "gender", "created_at", "updated_at" -- PARAMETERS: ["8811890749",201365]
[2025-02-19T14:23:05.721Z][QUERY ERROR]: error: null value in column "username" of relation "users" violates not-null constraint
